This file contains any messages produced by compilers while
running configure, to aid debugging if configure makes a mistake.

It was created by xltop configure 1.1, which was
generated by GNU Autoconf 2.69.  Invocation command line was

  $ ./configure CFLAGS=-I/work/02658/agomez/remora/extra/install/include LDFLAGS=-L/work/02658/agomez/remora/extra/install/lib -lev -lconfuse

## --------- ##
## Platform. ##
## --------- ##

hostname = staff.stampede.tacc.utexas.edu
uname -m = x86_64
uname -r = 2.6.32-431.17.1.el6.x86_64
uname -s = Linux
uname -v = #1 SMP Wed May 7 23:32:49 UTC 2014

/usr/bin/uname -p = unknown
/bin/uname -X     = unknown

/bin/arch              = x86_64
/usr/bin/arch -k       = unknown
/usr/convex/getsysinfo = unknown
/usr/bin/hostinfo      = unknown
/bin/machine           = unknown
/usr/bin/oslevel       = unknown
/bin/universe          = unknown

PATH: /opt/apps/autotools/autotools-1.1/bin
PATH: /usr/lib64/qt-3.3/bin
PATH: /usr/local/bin
PATH: /bin
PATH: /usr/bin
PATH: /usr/X11R6/bin
PATH: /opt/ofed/bin
PATH: /opt/ofed/sbin


## ----------- ##
## Core tests. ##
## ----------- ##

configure:2352: checking for a BSD-compatible install
configure:2420: result: /usr/bin/install -c
configure:2431: checking whether build environment is sane
configure:2486: result: yes
configure:2524: WARNING: 'missing' script is too old or missing
configure:2637: checking for a thread-safe mkdir -p
configure:2676: result: /bin/mkdir -p
configure:2683: checking for gawk
configure:2699: found /bin/gawk
configure:2710: result: gawk
configure:2721: checking whether make sets $(MAKE)
configure:2743: result: yes
configure:2772: checking whether make supports nested variables
configure:2789: result: yes
configure:2926: checking for style of include used by make
configure:2954: result: GNU
configure:3025: checking for gcc
configure:3041: found /usr/bin/gcc
configure:3052: result: gcc
configure:3281: checking for C compiler version
configure:3290: gcc --version >&5
gcc (GCC) 4.4.7 20120313 (Red Hat 4.4.7-11)
Copyright (C) 2010 Free Software Foundation, Inc.
This is free software; see the source for copying conditions.  There is NO
warranty; not even for MERCHANTABILITY or FITNESS FOR A PARTICULAR PURPOSE.

configure:3301: $? = 0
configure:3290: gcc -v >&5
Using built-in specs.
Target: x86_64-redhat-linux
Configured with: ../configure --prefix=/usr --mandir=/usr/share/man --infodir=/usr/share/info --with-bugurl=http://bugzilla.redhat.com/bugzilla --enable-bootstrap --enable-shared --enable-threads=posix --enable-checking=release --with-system-zlib --enable-__cxa_atexit --disable-libunwind-exceptions --enable-gnu-unique-object --enable-languages=c,c++,objc,obj-c++,java,fortran,ada --enable-java-awt=gtk --disable-dssi --with-java-home=/usr/lib/jvm/java-1.5.0-gcj-1.5.0.0/jre --enable-libgcj-multifile --enable-java-maintainer-mode --with-ecj-jar=/usr/share/java/eclipse-ecj.jar --disable-libjava-multilib --with-ppl --with-cloog --with-tune=generic --with-arch_32=i686 --build=x86_64-redhat-linux
Thread model: posix
gcc version 4.4.7 20120313 (Red Hat 4.4.7-11) (GCC) 
configure:3301: $? = 0
configure:3290: gcc -V >&5
gcc: '-V' option must have argument
configure:3301: $? = 1
configure:3290: gcc -qversion >&5
gcc: unrecognized option '-qversion'
gcc: no input files
configure:3301: $? = 1
configure:3321: checking whether the C compiler works
configure:3343: gcc -I/work/02658/agomez/remora/extra/install/include  -L/work/02658/agomez/remora/extra/install/lib -lev -lconfuse conftest.c  >&5
configure:3347: $? = 0
configure:3395: result: yes
configure:3398: checking for C compiler default output file name
configure:3400: result: a.out
configure:3406: checking for suffix of executables
configure:3413: gcc -o conftest -I/work/02658/agomez/remora/extra/install/include  -L/work/02658/agomez/remora/extra/install/lib -lev -lconfuse conftest.c  >&5
configure:3417: $? = 0
configure:3439: result: 
configure:3461: checking whether we are cross compiling
configure:3469: gcc -o conftest -I/work/02658/agomez/remora/extra/install/include  -L/work/02658/agomez/remora/extra/install/lib -lev -lconfuse conftest.c  >&5
configure:3473: $? = 0
configure:3480: ./conftest
configure:3484: $? = 0
configure:3499: result: no
configure:3504: checking for suffix of object files
configure:3526: gcc -c -I/work/02658/agomez/remora/extra/install/include  conftest.c >&5
configure:3530: $? = 0
configure:3551: result: o
configure:3555: checking whether we are using the GNU C compiler
configure:3574: gcc -c -I/work/02658/agomez/remora/extra/install/include  conftest.c >&5
configure:3574: $? = 0
configure:3583: result: yes
configure:3592: checking whether gcc accepts -g
configure:3612: gcc -c -g  conftest.c >&5
configure:3612: $? = 0
configure:3653: result: yes
configure:3670: checking for gcc option to accept ISO C89
configure:3733: gcc  -c -I/work/02658/agomez/remora/extra/install/include  conftest.c >&5
configure:3733: $? = 0
configure:3746: result: none needed
configure:3771: checking whether gcc understands -c and -o together
configure:3793: gcc -c conftest.c -o conftest2.o
configure:3796: $? = 0
configure:3793: gcc -c conftest.c -o conftest2.o
configure:3796: $? = 0
configure:3808: result: yes
configure:3827: checking dependency style of gcc
configure:3938: result: gcc3
configure:3953: checking for gcc option to accept ISO C99
configure:4102: gcc  -c -I/work/02658/agomez/remora/extra/install/include  conftest.c >&5
conftest.c:61: error: expected ';', ',' or ')' before 'text'
conftest.c: In function 'main':
conftest.c:115: error: expected '=', ',', ';', 'asm' or '__attribute__' before 'newvar'
conftest.c:115: error: 'newvar' undeclared (first use in this function)
conftest.c:115: error: (Each undeclared identifier is reported only once
conftest.c:115: error: for each function it appears in.)
conftest.c:125: error: 'for' loop initial declarations are only allowed in C99 mode
conftest.c:125: note: use option -std=c99 or -std=gnu99 to compile your code
configure:4102: $? = 1
configure: failed program was:
| /* confdefs.h */
| #define PACKAGE_NAME "xltop"
| #define PACKAGE_TARNAME "xltop"
| #define PACKAGE_VERSION "1.1"
| #define PACKAGE_STRING "xltop 1.1"
| #define PACKAGE_BUGREPORT "jhammond@tacc.utexas.edu"
| #define PACKAGE_URL "https://github.com/jhammond/xltop/"
| #define PACKAGE "xltop"
| #define VERSION "1.1"
| /* end confdefs.h.  */
| #include <stdarg.h>
| #include <stdbool.h>
| #include <stdlib.h>
| #include <wchar.h>
| #include <stdio.h>
| 
| // Check varargs macros.  These examples are taken from C99 6.10.3.5.
| #define debug(...) fprintf (stderr, __VA_ARGS__)
| #define showlist(...) puts (#__VA_ARGS__)
| #define report(test,...) ((test) ? puts (#test) : printf (__VA_ARGS__))
| static void
| test_varargs_macros (void)
| {
|   int x = 1234;
|   int y = 5678;
|   debug ("Flag");
|   debug ("X = %d\n", x);
|   showlist (The first, second, and third items.);
|   report (x>y, "x is %d but y is %d", x, y);
| }
| 
| // Check long long types.
| #define BIG64 18446744073709551615ull
| #define BIG32 4294967295ul
| #define BIG_OK (BIG64 / BIG32 == 4294967297ull && BIG64 % BIG32 == 0)
| #if !BIG_OK
|   your preprocessor is broken;
| #endif
| #if BIG_OK
| #else
|   your preprocessor is broken;
| #endif
| static long long int bignum = -9223372036854775807LL;
| static unsigned long long int ubignum = BIG64;
| 
| struct incomplete_array
| {
|   int datasize;
|   double data[];
| };
| 
| struct named_init {
|   int number;
|   const wchar_t *name;
|   double average;
| };
| 
| typedef const char *ccp;
| 
| static inline int
| test_restrict (ccp restrict text)
| {
|   // See if C++-style comments work.
|   // Iterate through items via the restricted pointer.
|   // Also check for declarations in for loops.
|   for (unsigned int i = 0; *(text+i) != '\0'; ++i)
|     continue;
|   return 0;
| }
| 
| // Check varargs and va_copy.
| static void
| test_varargs (const char *format, ...)
| {
|   va_list args;
|   va_start (args, format);
|   va_list args_copy;
|   va_copy (args_copy, args);
| 
|   const char *str;
|   int number;
|   float fnumber;
| 
|   while (*format)
|     {
|       switch (*format++)
| 	{
| 	case 's': // string
| 	  str = va_arg (args_copy, const char *);
| 	  break;
| 	case 'd': // int
| 	  number = va_arg (args_copy, int);
| 	  break;
| 	case 'f': // float
| 	  fnumber = va_arg (args_copy, double);
| 	  break;
| 	default:
| 	  break;
| 	}
|     }
|   va_end (args_copy);
|   va_end (args);
| }
| 
| int
| main ()
| {
| 
|   // Check bool.
|   _Bool success = false;
| 
|   // Check restrict.
|   if (test_restrict ("String literal") == 0)
|     success = true;
|   char *restrict newvar = "Another string";
| 
|   // Check varargs.
|   test_varargs ("s, d' f .", "string", 65, 34.234);
|   test_varargs_macros ();
| 
|   // Check flexible array members.
|   struct incomplete_array *ia =
|     malloc (sizeof (struct incomplete_array) + (sizeof (double) * 10));
|   ia->datasize = 10;
|   for (int i = 0; i < ia->datasize; ++i)
|     ia->data[i] = i * 1.234;
| 
|   // Check named initializers.
|   struct named_init ni = {
|     .number = 34,
|     .name = L"Test wide string",
|     .average = 543.34343,
|   };
| 
|   ni.number = 58;
| 
|   int dynamic_array[ni.number];
|   dynamic_array[ni.number - 1] = 543;
| 
|   // work around unused variable warnings
|   return (!success || bignum == 0LL || ubignum == 0uLL || newvar[0] == 'x'
| 	  || dynamic_array[ni.number - 1] != 543);
| 
|   ;
|   return 0;
| }
configure:4102: gcc -std=gnu99 -c -I/work/02658/agomez/remora/extra/install/include  conftest.c >&5
configure:4102: $? = 0
configure:4122: result: -std=gnu99
configure:4136: checking how to run the C preprocessor
configure:4167: gcc -std=gnu99 -E  conftest.c
configure:4167: $? = 0
configure:4181: gcc -std=gnu99 -E  conftest.c
conftest.c:11:28: error: ac_nonexistent.h: No such file or directory
configure:4181: $? = 1
configure: failed program was:
| /* confdefs.h */
| #define PACKAGE_NAME "xltop"
| #define PACKAGE_TARNAME "xltop"
| #define PACKAGE_VERSION "1.1"
| #define PACKAGE_STRING "xltop 1.1"
| #define PACKAGE_BUGREPORT "jhammond@tacc.utexas.edu"
| #define PACKAGE_URL "https://github.com/jhammond/xltop/"
| #define PACKAGE "xltop"
| #define VERSION "1.1"
| /* end confdefs.h.  */
| #include <ac_nonexistent.h>
configure:4206: result: gcc -std=gnu99 -E
configure:4226: gcc -std=gnu99 -E  conftest.c
configure:4226: $? = 0
configure:4240: gcc -std=gnu99 -E  conftest.c
conftest.c:11:28: error: ac_nonexistent.h: No such file or directory
configure:4240: $? = 1
configure: failed program was:
| /* confdefs.h */
| #define PACKAGE_NAME "xltop"
| #define PACKAGE_TARNAME "xltop"
| #define PACKAGE_VERSION "1.1"
| #define PACKAGE_STRING "xltop 1.1"
| #define PACKAGE_BUGREPORT "jhammond@tacc.utexas.edu"
| #define PACKAGE_URL "https://github.com/jhammond/xltop/"
| #define PACKAGE "xltop"
| #define VERSION "1.1"
| /* end confdefs.h.  */
| #include <ac_nonexistent.h>
configure:4269: checking for grep that handles long lines and -e
configure:4327: result: /bin/grep
configure:4332: checking for egrep
configure:4394: result: /bin/grep -E
configure:4399: checking for ANSI C header files
configure:4419: gcc -std=gnu99 -c -I/work/02658/agomez/remora/extra/install/include  conftest.c >&5
configure:4419: $? = 0
configure:4492: gcc -std=gnu99 -o conftest -I/work/02658/agomez/remora/extra/install/include  -L/work/02658/agomez/remora/extra/install/lib -lev -lconfuse conftest.c  >&5
configure:4492: $? = 0
configure:4492: ./conftest
configure:4492: $? = 0
configure:4503: result: yes
configure:4516: checking for sys/types.h
configure:4516: gcc -std=gnu99 -c -I/work/02658/agomez/remora/extra/install/include  conftest.c >&5
configure:4516: $? = 0
configure:4516: result: yes
configure:4516: checking for sys/stat.h
configure:4516: gcc -std=gnu99 -c -I/work/02658/agomez/remora/extra/install/include  conftest.c >&5
configure:4516: $? = 0
configure:4516: result: yes
configure:4516: checking for stdlib.h
configure:4516: gcc -std=gnu99 -c -I/work/02658/agomez/remora/extra/install/include  conftest.c >&5
configure:4516: $? = 0
configure:4516: result: yes
configure:4516: checking for string.h
configure:4516: gcc -std=gnu99 -c -I/work/02658/agomez/remora/extra/install/include  conftest.c >&5
configure:4516: $? = 0
configure:4516: result: yes
configure:4516: checking for memory.h
configure:4516: gcc -std=gnu99 -c -I/work/02658/agomez/remora/extra/install/include  conftest.c >&5
configure:4516: $? = 0
configure:4516: result: yes
configure:4516: checking for strings.h
configure:4516: gcc -std=gnu99 -c -I/work/02658/agomez/remora/extra/install/include  conftest.c >&5
configure:4516: $? = 0
configure:4516: result: yes
configure:4516: checking for inttypes.h
configure:4516: gcc -std=gnu99 -c -I/work/02658/agomez/remora/extra/install/include  conftest.c >&5
configure:4516: $? = 0
configure:4516: result: yes
configure:4516: checking for stdint.h
configure:4516: gcc -std=gnu99 -c -I/work/02658/agomez/remora/extra/install/include  conftest.c >&5
configure:4516: $? = 0
configure:4516: result: yes
configure:4516: checking for unistd.h
configure:4516: gcc -std=gnu99 -c -I/work/02658/agomez/remora/extra/install/include  conftest.c >&5
configure:4516: $? = 0
configure:4516: result: yes
configure:4529: checking minix/config.h usability
configure:4529: gcc -std=gnu99 -c -I/work/02658/agomez/remora/extra/install/include  conftest.c >&5
conftest.c:54:26: error: minix/config.h: No such file or directory
configure:4529: $? = 1
configure: failed program was:
| /* confdefs.h */
| #define PACKAGE_NAME "xltop"
| #define PACKAGE_TARNAME "xltop"
| #define PACKAGE_VERSION "1.1"
| #define PACKAGE_STRING "xltop 1.1"
| #define PACKAGE_BUGREPORT "jhammond@tacc.utexas.edu"
| #define PACKAGE_URL "https://github.com/jhammond/xltop/"
| #define PACKAGE "xltop"
| #define VERSION "1.1"
| #define STDC_HEADERS 1
| #define HAVE_SYS_TYPES_H 1
| #define HAVE_SYS_STAT_H 1
| #define HAVE_STDLIB_H 1
| #define HAVE_STRING_H 1
| #define HAVE_MEMORY_H 1
| #define HAVE_STRINGS_H 1
| #define HAVE_INTTYPES_H 1
| #define HAVE_STDINT_H 1
| #define HAVE_UNISTD_H 1
| /* end confdefs.h.  */
| #include <stdio.h>
| #ifdef HAVE_SYS_TYPES_H
| # include <sys/types.h>
| #endif
| #ifdef HAVE_SYS_STAT_H
| # include <sys/stat.h>
| #endif
| #ifdef STDC_HEADERS
| # include <stdlib.h>
| # include <stddef.h>
| #else
| # ifdef HAVE_STDLIB_H
| #  include <stdlib.h>
| # endif
| #endif
| #ifdef HAVE_STRING_H
| # if !defined STDC_HEADERS && defined HAVE_MEMORY_H
| #  include <memory.h>
| # endif
| # include <string.h>
| #endif
| #ifdef HAVE_STRINGS_H
| # include <strings.h>
| #endif
| #ifdef HAVE_INTTYPES_H
| # include <inttypes.h>
| #endif
| #ifdef HAVE_STDINT_H
| # include <stdint.h>
| #endif
| #ifdef HAVE_UNISTD_H
| # include <unistd.h>
| #endif
| #include <minix/config.h>
configure:4529: result: no
configure:4529: checking minix/config.h presence
configure:4529: gcc -std=gnu99 -E  conftest.c
conftest.c:21:26: error: minix/config.h: No such file or directory
configure:4529: $? = 1
configure: failed program was:
| /* confdefs.h */
| #define PACKAGE_NAME "xltop"
| #define PACKAGE_TARNAME "xltop"
| #define PACKAGE_VERSION "1.1"
| #define PACKAGE_STRING "xltop 1.1"
| #define PACKAGE_BUGREPORT "jhammond@tacc.utexas.edu"
| #define PACKAGE_URL "https://github.com/jhammond/xltop/"
| #define PACKAGE "xltop"
| #define VERSION "1.1"
| #define STDC_HEADERS 1
| #define HAVE_SYS_TYPES_H 1
| #define HAVE_SYS_STAT_H 1
| #define HAVE_STDLIB_H 1
| #define HAVE_STRING_H 1
| #define HAVE_MEMORY_H 1
| #define HAVE_STRINGS_H 1
| #define HAVE_INTTYPES_H 1
| #define HAVE_STDINT_H 1
| #define HAVE_UNISTD_H 1
| /* end confdefs.h.  */
| #include <minix/config.h>
configure:4529: result: no
configure:4529: checking for minix/config.h
configure:4529: result: no
configure:4550: checking whether it is safe to define __EXTENSIONS__
configure:4568: gcc -std=gnu99 -c -I/work/02658/agomez/remora/extra/install/include  conftest.c >&5
configure:4568: $? = 0
configure:4575: result: yes
configure:4600: checking whether make supports nested variables
configure:4617: result: yes
configure:4634: checking for gawk
configure:4661: result: gawk
configure:4720: checking for gcc
configure:4747: result: gcc
configure:4976: checking for C compiler version
configure:4985: gcc --version >&5
gcc (GCC) 4.4.7 20120313 (Red Hat 4.4.7-11)
Copyright (C) 2010 Free Software Foundation, Inc.
This is free software; see the source for copying conditions.  There is NO
warranty; not even for MERCHANTABILITY or FITNESS FOR A PARTICULAR PURPOSE.

configure:4996: $? = 0
configure:4985: gcc -v >&5
Using built-in specs.
Target: x86_64-redhat-linux
Configured with: ../configure --prefix=/usr --mandir=/usr/share/man --infodir=/usr/share/info --with-bugurl=http://bugzilla.redhat.com/bugzilla --enable-bootstrap --enable-shared --enable-threads=posix --enable-checking=release --with-system-zlib --enable-__cxa_atexit --disable-libunwind-exceptions --enable-gnu-unique-object --enable-languages=c,c++,objc,obj-c++,java,fortran,ada --enable-java-awt=gtk --disable-dssi --with-java-home=/usr/lib/jvm/java-1.5.0-gcj-1.5.0.0/jre --enable-libgcj-multifile --enable-java-maintainer-mode --with-ecj-jar=/usr/share/java/eclipse-ecj.jar --disable-libjava-multilib --with-ppl --with-cloog --with-tune=generic --with-arch_32=i686 --build=x86_64-redhat-linux
Thread model: posix
gcc version 4.4.7 20120313 (Red Hat 4.4.7-11) (GCC) 
configure:4996: $? = 0
configure:4985: gcc -V >&5
gcc: '-V' option must have argument
configure:4996: $? = 1
configure:4985: gcc -qversion >&5
gcc: unrecognized option '-qversion'
gcc: no input files
configure:4996: $? = 1
configure:5000: checking whether we are using the GNU C compiler
configure:5028: result: yes
configure:5037: checking whether gcc accepts -g
configure:5098: result: yes
configure:5115: checking for gcc option to accept ISO C89
configure:5191: result: none needed
configure:5216: checking whether gcc understands -c and -o together
configure:5253: result: yes
configure:5272: checking dependency style of gcc
configure:5383: result: gcc3
configure:5401: checking for curl
configure:5417: found /usr/bin/curl
configure:5429: result: yes
configure:5516: checking for cfg_init in -lconfuse
configure:5541: gcc -o conftest -I/work/02658/agomez/remora/extra/install/include  -L/work/02658/agomez/remora/extra/install/lib -lev -lconfuse conftest.c -lconfuse   >&5
configure:5541: $? = 0
configure:5550: result: yes
configure:5561: checking for curl_easy_init in -lcurl
configure:5586: gcc -o conftest -I/work/02658/agomez/remora/extra/install/include  -L/work/02658/agomez/remora/extra/install/lib -lev -lconfuse conftest.c -lcurl  -lconfuse  >&5
configure:5586: $? = 0
configure:5595: result: yes
configure:5606: checking for ev_run in -lev
configure:5631: gcc -o conftest -I/work/02658/agomez/remora/extra/install/include  -L/work/02658/agomez/remora/extra/install/lib -lev -lconfuse conftest.c -lev  -lcurl -lconfuse  >&5
configure:5631: $? = 0
configure:5640: result: yes
configure:5651: checking for initscr in -lncurses
configure:5676: gcc -o conftest -I/work/02658/agomez/remora/extra/install/include  -L/work/02658/agomez/remora/extra/install/lib -lev -lconfuse conftest.c -lncurses  -lev -lcurl -lconfuse  >&5
configure:5676: $? = 0
configure:5685: result: yes
configure:5701: checking arpa/inet.h usability
configure:5701: gcc -c -I/work/02658/agomez/remora/extra/install/include  conftest.c >&5
configure:5701: $? = 0
configure:5701: result: yes
configure:5701: checking arpa/inet.h presence
configure:5701: gcc -std=gnu99 -E  conftest.c
configure:5701: $? = 0
configure:5701: result: yes
configure:5701: checking for arpa/inet.h
configure:5701: result: yes
configure:5701: checking fcntl.h usability
configure:5701: gcc -c -I/work/02658/agomez/remora/extra/install/include  conftest.c >&5
configure:5701: $? = 0
configure:5701: result: yes
configure:5701: checking fcntl.h presence
configure:5701: gcc -std=gnu99 -E  conftest.c
configure:5701: $? = 0
configure:5701: result: yes
configure:5701: checking for fcntl.h
configure:5701: result: yes
configure:5701: checking for inttypes.h
configure:5701: result: yes
configure:5701: checking malloc.h usability
configure:5701: gcc -c -I/work/02658/agomez/remora/extra/install/include  conftest.c >&5
configure:5701: $? = 0
configure:5701: result: yes
configure:5701: checking malloc.h presence
configure:5701: gcc -std=gnu99 -E  conftest.c
configure:5701: $? = 0
configure:5701: result: yes
configure:5701: checking for malloc.h
configure:5701: result: yes
configure:5701: checking netdb.h usability
configure:5701: gcc -c -I/work/02658/agomez/remora/extra/install/include  conftest.c >&5
configure:5701: $? = 0
configure:5701: result: yes
configure:5701: checking netdb.h presence
configure:5701: gcc -std=gnu99 -E  conftest.c
configure:5701: $? = 0
configure:5701: result: yes
configure:5701: checking for netdb.h
configure:5701: result: yes
configure:5701: checking stddef.h usability
configure:5701: gcc -c -I/work/02658/agomez/remora/extra/install/include  conftest.c >&5
configure:5701: $? = 0
configure:5701: result: yes
configure:5701: checking stddef.h presence
configure:5701: gcc -std=gnu99 -E  conftest.c
configure:5701: $? = 0
configure:5701: result: yes
configure:5701: checking for stddef.h
configure:5701: result: yes
configure:5701: checking for stdint.h
configure:5701: result: yes
configure:5701: checking for stdlib.h
configure:5701: result: yes
configure:5701: checking for string.h
configure:5701: result: yes
configure:5701: checking sys/ioctl.h usability
configure:5701: gcc -c -I/work/02658/agomez/remora/extra/install/include  conftest.c >&5
configure:5701: $? = 0
configure:5701: result: yes
configure:5701: checking sys/ioctl.h presence
configure:5701: gcc -std=gnu99 -E  conftest.c
configure:5701: $? = 0
configure:5701: result: yes
configure:5701: checking for sys/ioctl.h
configure:5701: result: yes
configure:5701: checking sys/socket.h usability
configure:5701: gcc -c -I/work/02658/agomez/remora/extra/install/include  conftest.c >&5
configure:5701: $? = 0
configure:5701: result: yes
configure:5701: checking sys/socket.h presence
configure:5701: gcc -std=gnu99 -E  conftest.c
configure:5701: $? = 0
configure:5701: result: yes
configure:5701: checking for sys/socket.h
configure:5701: result: yes
configure:5701: checking termios.h usability
configure:5701: gcc -c -I/work/02658/agomez/remora/extra/install/include  conftest.c >&5
configure:5701: $? = 0
configure:5701: result: yes
configure:5701: checking termios.h presence
configure:5701: gcc -std=gnu99 -E  conftest.c
configure:5701: $? = 0
configure:5701: result: yes
configure:5701: checking for termios.h
configure:5701: result: yes
configure:5701: checking for unistd.h
configure:5701: result: yes
configure:5714: checking confuse.h usability
configure:5714: gcc -c -I/work/02658/agomez/remora/extra/install/include  conftest.c >&5
configure:5714: $? = 0
configure:5714: result: yes
configure:5714: checking confuse.h presence
configure:5714: gcc -std=gnu99 -E  conftest.c
conftest.c:44:21: error: confuse.h: No such file or directory
configure:5714: $? = 1
configure: failed program was:
| /* confdefs.h */
| #define PACKAGE_NAME "xltop"
| #define PACKAGE_TARNAME "xltop"
| #define PACKAGE_VERSION "1.1"
| #define PACKAGE_STRING "xltop 1.1"
| #define PACKAGE_BUGREPORT "jhammond@tacc.utexas.edu"
| #define PACKAGE_URL "https://github.com/jhammond/xltop/"
| #define PACKAGE "xltop"
| #define VERSION "1.1"
| #define STDC_HEADERS 1
| #define HAVE_SYS_TYPES_H 1
| #define HAVE_SYS_STAT_H 1
| #define HAVE_STDLIB_H 1
| #define HAVE_STRING_H 1
| #define HAVE_MEMORY_H 1
| #define HAVE_STRINGS_H 1
| #define HAVE_INTTYPES_H 1
| #define HAVE_STDINT_H 1
| #define HAVE_UNISTD_H 1
| #define __EXTENSIONS__ 1
| #define _ALL_SOURCE 1
| #define _GNU_SOURCE 1
| #define _POSIX_PTHREAD_SEMANTICS 1
| #define _TANDEM_SOURCE 1
| #define ENABLE_SYSLOG 1
| #define HAVE_LIBCONFUSE 1
| #define HAVE_LIBCURL 1
| #define HAVE_LIBEV 1
| #define HAVE_LIBNCURSES 1
| #define HAVE_ARPA_INET_H 1
| #define HAVE_FCNTL_H 1
| #define HAVE_INTTYPES_H 1
| #define HAVE_MALLOC_H 1
| #define HAVE_NETDB_H 1
| #define HAVE_STDDEF_H 1
| #define HAVE_STDINT_H 1
| #define HAVE_STDLIB_H 1
| #define HAVE_STRING_H 1
| #define HAVE_SYS_IOCTL_H 1
| #define HAVE_SYS_SOCKET_H 1
| #define HAVE_TERMIOS_H 1
| #define HAVE_UNISTD_H 1
| /* end confdefs.h.  */
| #include <confuse.h>
configure:5714: result: no
configure:5714: WARNING: confuse.h: accepted by the compiler, rejected by the preprocessor!
configure:5714: WARNING: confuse.h: proceeding with the compiler's result
configure:5714: checking for confuse.h
configure:5714: result: yes
configure:5726: checking curl/curl.h usability
configure:5726: gcc -c -I/work/02658/agomez/remora/extra/install/include  conftest.c >&5
configure:5726: $? = 0
configure:5726: result: yes
configure:5726: checking curl/curl.h presence
configure:5726: gcc -std=gnu99 -E  conftest.c
configure:5726: $? = 0
configure:5726: result: yes
configure:5726: checking for curl/curl.h
configure:5726: result: yes
configure:5738: checking libev/ev.h usability
configure:5738: gcc -c -I/work/02658/agomez/remora/extra/install/include  conftest.c >&5
conftest.c:79:22: error: libev/ev.h: No such file or directory
configure:5738: $? = 1
configure: failed program was:
| /* confdefs.h */
| #define PACKAGE_NAME "xltop"
| #define PACKAGE_TARNAME "xltop"
| #define PACKAGE_VERSION "1.1"
| #define PACKAGE_STRING "xltop 1.1"
| #define PACKAGE_BUGREPORT "jhammond@tacc.utexas.edu"
| #define PACKAGE_URL "https://github.com/jhammond/xltop/"
| #define PACKAGE "xltop"
| #define VERSION "1.1"
| #define STDC_HEADERS 1
| #define HAVE_SYS_TYPES_H 1
| #define HAVE_SYS_STAT_H 1
| #define HAVE_STDLIB_H 1
| #define HAVE_STRING_H 1
| #define HAVE_MEMORY_H 1
| #define HAVE_STRINGS_H 1
| #define HAVE_INTTYPES_H 1
| #define HAVE_STDINT_H 1
| #define HAVE_UNISTD_H 1
| #define __EXTENSIONS__ 1
| #define _ALL_SOURCE 1
| #define _GNU_SOURCE 1
| #define _POSIX_PTHREAD_SEMANTICS 1
| #define _TANDEM_SOURCE 1
| #define ENABLE_SYSLOG 1
| #define HAVE_LIBCONFUSE 1
| #define HAVE_LIBCURL 1
| #define HAVE_LIBEV 1
| #define HAVE_LIBNCURSES 1
| #define HAVE_ARPA_INET_H 1
| #define HAVE_FCNTL_H 1
| #define HAVE_INTTYPES_H 1
| #define HAVE_MALLOC_H 1
| #define HAVE_NETDB_H 1
| #define HAVE_STDDEF_H 1
| #define HAVE_STDINT_H 1
| #define HAVE_STDLIB_H 1
| #define HAVE_STRING_H 1
| #define HAVE_SYS_IOCTL_H 1
| #define HAVE_SYS_SOCKET_H 1
| #define HAVE_TERMIOS_H 1
| #define HAVE_UNISTD_H 1
| #define HAVE_CONFUSE_H 1
| #define HAVE_CURL_CURL_H 1
| /* end confdefs.h.  */
| #include <stdio.h>
| #ifdef HAVE_SYS_TYPES_H
| # include <sys/types.h>
| #endif
| #ifdef HAVE_SYS_STAT_H
| # include <sys/stat.h>
| #endif
| #ifdef STDC_HEADERS
| # include <stdlib.h>
| # include <stddef.h>
| #else
| # ifdef HAVE_STDLIB_H
| #  include <stdlib.h>
| # endif
| #endif
| #ifdef HAVE_STRING_H
| # if !defined STDC_HEADERS && defined HAVE_MEMORY_H
| #  include <memory.h>
| # endif
| # include <string.h>
| #endif
| #ifdef HAVE_STRINGS_H
| # include <strings.h>
| #endif
| #ifdef HAVE_INTTYPES_H
| # include <inttypes.h>
| #endif
| #ifdef HAVE_STDINT_H
| # include <stdint.h>
| #endif
| #ifdef HAVE_UNISTD_H
| # include <unistd.h>
| #endif
| #include <libev/ev.h>
configure:5738: result: no
configure:5738: checking libev/ev.h presence
configure:5738: gcc -std=gnu99 -E  conftest.c
conftest.c:46:22: error: libev/ev.h: No such file or directory
configure:5738: $? = 1
configure: failed program was:
| /* confdefs.h */
| #define PACKAGE_NAME "xltop"
| #define PACKAGE_TARNAME "xltop"
| #define PACKAGE_VERSION "1.1"
| #define PACKAGE_STRING "xltop 1.1"
| #define PACKAGE_BUGREPORT "jhammond@tacc.utexas.edu"
| #define PACKAGE_URL "https://github.com/jhammond/xltop/"
| #define PACKAGE "xltop"
| #define VERSION "1.1"
| #define STDC_HEADERS 1
| #define HAVE_SYS_TYPES_H 1
| #define HAVE_SYS_STAT_H 1
| #define HAVE_STDLIB_H 1
| #define HAVE_STRING_H 1
| #define HAVE_MEMORY_H 1
| #define HAVE_STRINGS_H 1
| #define HAVE_INTTYPES_H 1
| #define HAVE_STDINT_H 1
| #define HAVE_UNISTD_H 1
| #define __EXTENSIONS__ 1
| #define _ALL_SOURCE 1
| #define _GNU_SOURCE 1
| #define _POSIX_PTHREAD_SEMANTICS 1
| #define _TANDEM_SOURCE 1
| #define ENABLE_SYSLOG 1
| #define HAVE_LIBCONFUSE 1
| #define HAVE_LIBCURL 1
| #define HAVE_LIBEV 1
| #define HAVE_LIBNCURSES 1
| #define HAVE_ARPA_INET_H 1
| #define HAVE_FCNTL_H 1
| #define HAVE_INTTYPES_H 1
| #define HAVE_MALLOC_H 1
| #define HAVE_NETDB_H 1
| #define HAVE_STDDEF_H 1
| #define HAVE_STDINT_H 1
| #define HAVE_STDLIB_H 1
| #define HAVE_STRING_H 1
| #define HAVE_SYS_IOCTL_H 1
| #define HAVE_SYS_SOCKET_H 1
| #define HAVE_TERMIOS_H 1
| #define HAVE_UNISTD_H 1
| #define HAVE_CONFUSE_H 1
| #define HAVE_CURL_CURL_H 1
| /* end confdefs.h.  */
| #include <libev/ev.h>
configure:5738: result: no
configure:5738: checking for libev/ev.h
configure:5738: result: no
configure:5750: checking ncurses.h usability
configure:5750: gcc -c -I/work/02658/agomez/remora/extra/install/include  conftest.c >&5
configure:5750: $? = 0
configure:5750: result: yes
configure:5750: checking ncurses.h presence
configure:5750: gcc -std=gnu99 -E  conftest.c
configure:5750: $? = 0
configure:5750: result: yes
configure:5750: checking for ncurses.h
configure:5750: result: yes
configure:5762: checking for inline
configure:5778: gcc -c -I/work/02658/agomez/remora/extra/install/include  conftest.c >&5
configure:5778: $? = 0
configure:5786: result: inline
configure:5804: checking for int64_t
configure:5804: gcc -c -I/work/02658/agomez/remora/extra/install/include  conftest.c >&5
configure:5804: $? = 0
configure:5804: gcc -c -I/work/02658/agomez/remora/extra/install/include  conftest.c >&5
conftest.c: In function 'main':
conftest.c:85: warning: integer overflow in expression
conftest.c:85: error: size of array 'test_array' is negative
configure:5804: $? = 1
configure: failed program was:
| /* confdefs.h */
| #define PACKAGE_NAME "xltop"
| #define PACKAGE_TARNAME "xltop"
| #define PACKAGE_VERSION "1.1"
| #define PACKAGE_STRING "xltop 1.1"
| #define PACKAGE_BUGREPORT "jhammond@tacc.utexas.edu"
| #define PACKAGE_URL "https://github.com/jhammond/xltop/"
| #define PACKAGE "xltop"
| #define VERSION "1.1"
| #define STDC_HEADERS 1
| #define HAVE_SYS_TYPES_H 1
| #define HAVE_SYS_STAT_H 1
| #define HAVE_STDLIB_H 1
| #define HAVE_STRING_H 1
| #define HAVE_MEMORY_H 1
| #define HAVE_STRINGS_H 1
| #define HAVE_INTTYPES_H 1
| #define HAVE_STDINT_H 1
| #define HAVE_UNISTD_H 1
| #define __EXTENSIONS__ 1
| #define _ALL_SOURCE 1
| #define _GNU_SOURCE 1
| #define _POSIX_PTHREAD_SEMANTICS 1
| #define _TANDEM_SOURCE 1
| #define ENABLE_SYSLOG 1
| #define HAVE_LIBCONFUSE 1
| #define HAVE_LIBCURL 1
| #define HAVE_LIBEV 1
| #define HAVE_LIBNCURSES 1
| #define HAVE_ARPA_INET_H 1
| #define HAVE_FCNTL_H 1
| #define HAVE_INTTYPES_H 1
| #define HAVE_MALLOC_H 1
| #define HAVE_NETDB_H 1
| #define HAVE_STDDEF_H 1
| #define HAVE_STDINT_H 1
| #define HAVE_STDLIB_H 1
| #define HAVE_STRING_H 1
| #define HAVE_SYS_IOCTL_H 1
| #define HAVE_SYS_SOCKET_H 1
| #define HAVE_TERMIOS_H 1
| #define HAVE_UNISTD_H 1
| #define HAVE_CONFUSE_H 1
| #define HAVE_CURL_CURL_H 1
| #define HAVE_NCURSES_H 1
| /* end confdefs.h.  */
| #include <stdio.h>
| #ifdef HAVE_SYS_TYPES_H
| # include <sys/types.h>
| #endif
| #ifdef HAVE_SYS_STAT_H
| # include <sys/stat.h>
| #endif
| #ifdef STDC_HEADERS
| # include <stdlib.h>
| # include <stddef.h>
| #else
| # ifdef HAVE_STDLIB_H
| #  include <stdlib.h>
| # endif
| #endif
| #ifdef HAVE_STRING_H
| # if !defined STDC_HEADERS && defined HAVE_MEMORY_H
| #  include <memory.h>
| # endif
| # include <string.h>
| #endif
| #ifdef HAVE_STRINGS_H
| # include <strings.h>
| #endif
| #ifdef HAVE_INTTYPES_H
| # include <inttypes.h>
| #endif
| #ifdef HAVE_STDINT_H
| # include <stdint.h>
| #endif
| #ifdef HAVE_UNISTD_H
| # include <unistd.h>
| #endif
| 	        enum { N = 64 / 2 - 1 };
| int
| main ()
| {
| static int test_array [1 - 2 * !((int64_t) (((((int64_t) 1 << N) << N) - 1) * 2 + 1)
| 		 < (int64_t) (((((int64_t) 1 << N) << N) - 1) * 2 + 2))];
| test_array [0] = 0;
| return test_array [0];
| 
|   ;
|   return 0;
| }
configure:5804: result: yes
configure:5815: checking for size_t
configure:5815: gcc -c -I/work/02658/agomez/remora/extra/install/include  conftest.c >&5
configure:5815: $? = 0
configure:5815: gcc -c -I/work/02658/agomez/remora/extra/install/include  conftest.c >&5
conftest.c: In function 'main':
conftest.c:83: error: expected expression before ')' token
configure:5815: $? = 1
configure: failed program was:
| /* confdefs.h */
| #define PACKAGE_NAME "xltop"
| #define PACKAGE_TARNAME "xltop"
| #define PACKAGE_VERSION "1.1"
| #define PACKAGE_STRING "xltop 1.1"
| #define PACKAGE_BUGREPORT "jhammond@tacc.utexas.edu"
| #define PACKAGE_URL "https://github.com/jhammond/xltop/"
| #define PACKAGE "xltop"
| #define VERSION "1.1"
| #define STDC_HEADERS 1
| #define HAVE_SYS_TYPES_H 1
| #define HAVE_SYS_STAT_H 1
| #define HAVE_STDLIB_H 1
| #define HAVE_STRING_H 1
| #define HAVE_MEMORY_H 1
| #define HAVE_STRINGS_H 1
| #define HAVE_INTTYPES_H 1
| #define HAVE_STDINT_H 1
| #define HAVE_UNISTD_H 1
| #define __EXTENSIONS__ 1
| #define _ALL_SOURCE 1
| #define _GNU_SOURCE 1
| #define _POSIX_PTHREAD_SEMANTICS 1
| #define _TANDEM_SOURCE 1
| #define ENABLE_SYSLOG 1
| #define HAVE_LIBCONFUSE 1
| #define HAVE_LIBCURL 1
| #define HAVE_LIBEV 1
| #define HAVE_LIBNCURSES 1
| #define HAVE_ARPA_INET_H 1
| #define HAVE_FCNTL_H 1
| #define HAVE_INTTYPES_H 1
| #define HAVE_MALLOC_H 1
| #define HAVE_NETDB_H 1
| #define HAVE_STDDEF_H 1
| #define HAVE_STDINT_H 1
| #define HAVE_STDLIB_H 1
| #define HAVE_STRING_H 1
| #define HAVE_SYS_IOCTL_H 1
| #define HAVE_SYS_SOCKET_H 1
| #define HAVE_TERMIOS_H 1
| #define HAVE_UNISTD_H 1
| #define HAVE_CONFUSE_H 1
| #define HAVE_CURL_CURL_H 1
| #define HAVE_NCURSES_H 1
| /* end confdefs.h.  */
| #include <stdio.h>
| #ifdef HAVE_SYS_TYPES_H
| # include <sys/types.h>
| #endif
| #ifdef HAVE_SYS_STAT_H
| # include <sys/stat.h>
| #endif
| #ifdef STDC_HEADERS
| # include <stdlib.h>
| # include <stddef.h>
| #else
| # ifdef HAVE_STDLIB_H
| #  include <stdlib.h>
| # endif
| #endif
| #ifdef HAVE_STRING_H
| # if !defined STDC_HEADERS && defined HAVE_MEMORY_H
| #  include <memory.h>
| # endif
| # include <string.h>
| #endif
| #ifdef HAVE_STRINGS_H
| # include <strings.h>
| #endif
| #ifdef HAVE_INTTYPES_H
| # include <inttypes.h>
| #endif
| #ifdef HAVE_STDINT_H
| # include <stdint.h>
| #endif
| #ifdef HAVE_UNISTD_H
| # include <unistd.h>
| #endif
| int
| main ()
| {
| if (sizeof ((size_t)))
| 	    return 0;
|   ;
|   return 0;
| }
configure:5815: result: yes
configure:5826: checking for ssize_t
configure:5826: gcc -c -I/work/02658/agomez/remora/extra/install/include  conftest.c >&5
configure:5826: $? = 0
configure:5826: gcc -c -I/work/02658/agomez/remora/extra/install/include  conftest.c >&5
conftest.c: In function 'main':
conftest.c:83: error: expected expression before ')' token
configure:5826: $? = 1
configure: failed program was:
| /* confdefs.h */
| #define PACKAGE_NAME "xltop"
| #define PACKAGE_TARNAME "xltop"
| #define PACKAGE_VERSION "1.1"
| #define PACKAGE_STRING "xltop 1.1"
| #define PACKAGE_BUGREPORT "jhammond@tacc.utexas.edu"
| #define PACKAGE_URL "https://github.com/jhammond/xltop/"
| #define PACKAGE "xltop"
| #define VERSION "1.1"
| #define STDC_HEADERS 1
| #define HAVE_SYS_TYPES_H 1
| #define HAVE_SYS_STAT_H 1
| #define HAVE_STDLIB_H 1
| #define HAVE_STRING_H 1
| #define HAVE_MEMORY_H 1
| #define HAVE_STRINGS_H 1
| #define HAVE_INTTYPES_H 1
| #define HAVE_STDINT_H 1
| #define HAVE_UNISTD_H 1
| #define __EXTENSIONS__ 1
| #define _ALL_SOURCE 1
| #define _GNU_SOURCE 1
| #define _POSIX_PTHREAD_SEMANTICS 1
| #define _TANDEM_SOURCE 1
| #define ENABLE_SYSLOG 1
| #define HAVE_LIBCONFUSE 1
| #define HAVE_LIBCURL 1
| #define HAVE_LIBEV 1
| #define HAVE_LIBNCURSES 1
| #define HAVE_ARPA_INET_H 1
| #define HAVE_FCNTL_H 1
| #define HAVE_INTTYPES_H 1
| #define HAVE_MALLOC_H 1
| #define HAVE_NETDB_H 1
| #define HAVE_STDDEF_H 1
| #define HAVE_STDINT_H 1
| #define HAVE_STDLIB_H 1
| #define HAVE_STRING_H 1
| #define HAVE_SYS_IOCTL_H 1
| #define HAVE_SYS_SOCKET_H 1
| #define HAVE_TERMIOS_H 1
| #define HAVE_UNISTD_H 1
| #define HAVE_CONFUSE_H 1
| #define HAVE_CURL_CURL_H 1
| #define HAVE_NCURSES_H 1
| /* end confdefs.h.  */
| #include <stdio.h>
| #ifdef HAVE_SYS_TYPES_H
| # include <sys/types.h>
| #endif
| #ifdef HAVE_SYS_STAT_H
| # include <sys/stat.h>
| #endif
| #ifdef STDC_HEADERS
| # include <stdlib.h>
| # include <stddef.h>
| #else
| # ifdef HAVE_STDLIB_H
| #  include <stdlib.h>
| # endif
| #endif
| #ifdef HAVE_STRING_H
| # if !defined STDC_HEADERS && defined HAVE_MEMORY_H
| #  include <memory.h>
| # endif
| # include <string.h>
| #endif
| #ifdef HAVE_STRINGS_H
| # include <strings.h>
| #endif
| #ifdef HAVE_INTTYPES_H
| # include <inttypes.h>
| #endif
| #ifdef HAVE_STDINT_H
| # include <stdint.h>
| #endif
| #ifdef HAVE_UNISTD_H
| # include <unistd.h>
| #endif
| int
| main ()
| {
| if (sizeof ((ssize_t)))
| 	    return 0;
|   ;
|   return 0;
| }
configure:5826: result: yes
configure:5841: checking for stdlib.h
configure:5841: result: yes
configure:5851: checking for GNU libc compatible malloc
configure:5875: gcc -o conftest -I/work/02658/agomez/remora/extra/install/include  -L/work/02658/agomez/remora/extra/install/lib -lev -lconfuse conftest.c -lncurses -lev -lcurl -lconfuse  >&5
configure:5875: $? = 0
configure:5875: ./conftest
configure:5875: $? = 0
configure:5885: result: yes
configure:5906: checking whether time.h and sys/time.h may both be included
configure:5926: gcc -c -I/work/02658/agomez/remora/extra/install/include  conftest.c >&5
configure:5926: $? = 0
configure:5933: result: yes
configure:5947: checking for sys/time.h
configure:5947: gcc -c -I/work/02658/agomez/remora/extra/install/include  conftest.c >&5
configure:5947: $? = 0
configure:5947: result: yes
configure:5947: checking for unistd.h
configure:5947: result: yes
configure:5968: checking for alarm
configure:5968: gcc -o conftest -I/work/02658/agomez/remora/extra/install/include  -L/work/02658/agomez/remora/extra/install/lib -lev -lconfuse conftest.c -lncurses -lev -lcurl -lconfuse  >&5
configure:5968: $? = 0
configure:5968: result: yes
configure:5981: checking for working mktime
configure:6183: gcc -o conftest -I/work/02658/agomez/remora/extra/install/include  -L/work/02658/agomez/remora/extra/install/lib -lev -lconfuse conftest.c -lncurses -lev -lcurl -lconfuse  >&5
configure:6183: $? = 0
configure:6183: ./conftest
configure:6183: $? = 0
configure:6193: result: yes
configure:6204: checking for working strtod
configure:6245: gcc -o conftest -I/work/02658/agomez/remora/extra/install/include  -L/work/02658/agomez/remora/extra/install/lib -lev -lconfuse conftest.c -lncurses -lev -lcurl -lconfuse  >&5
configure:6245: $? = 0
configure:6245: ./conftest
configure:6245: $? = 0
configure:6255: result: yes
configure:6320: checking for floor
configure:6320: gcc -o conftest -I/work/02658/agomez/remora/extra/install/include  -L/work/02658/agomez/remora/extra/install/lib -lev -lconfuse conftest.c -lncurses -lev -lcurl -lconfuse  >&5
conftest.c:76: warning: conflicting types for built-in function 'floor'
configure:6320: $? = 0
configure:6320: result: yes
configure:6320: checking for getcwd
configure:6320: gcc -o conftest -I/work/02658/agomez/remora/extra/install/include  -L/work/02658/agomez/remora/extra/install/lib -lev -lconfuse conftest.c -lncurses -lev -lcurl -lconfuse  >&5
configure:6320: $? = 0
configure:6320: result: yes
configure:6320: checking for gethostname
configure:6320: gcc -o conftest -I/work/02658/agomez/remora/extra/install/include  -L/work/02658/agomez/remora/extra/install/lib -lev -lconfuse conftest.c -lncurses -lev -lcurl -lconfuse  >&5
configure:6320: $? = 0
configure:6320: result: yes
configure:6320: checking for isascii
configure:6320: gcc -o conftest -I/work/02658/agomez/remora/extra/install/include  -L/work/02658/agomez/remora/extra/install/lib -lev -lconfuse conftest.c -lncurses -lev -lcurl -lconfuse  >&5
conftest.c:79: warning: conflicting types for built-in function 'isascii'
configure:6320: $? = 0
configure:6320: result: yes
configure:6320: checking for memchr
configure:6320: gcc -o conftest -I/work/02658/agomez/remora/extra/install/include  -L/work/02658/agomez/remora/extra/install/lib -lev -lconfuse conftest.c -lncurses -lev -lcurl -lconfuse  >&5
conftest.c:80: warning: conflicting types for built-in function 'memchr'
configure:6320: $? = 0
configure:6320: result: yes
configure:6320: checking for memmove
configure:6320: gcc -o conftest -I/work/02658/agomez/remora/extra/install/include  -L/work/02658/agomez/remora/extra/install/lib -lev -lconfuse conftest.c -lncurses -lev -lcurl -lconfuse  >&5
conftest.c:81: warning: conflicting types for built-in function 'memmove'
configure:6320: $? = 0
configure:6320: result: yes
configure:6320: checking for memset
configure:6320: gcc -o conftest -I/work/02658/agomez/remora/extra/install/include  -L/work/02658/agomez/remora/extra/install/lib -lev -lconfuse conftest.c -lncurses -lev -lcurl -lconfuse  >&5
conftest.c:82: warning: conflicting types for built-in function 'memset'
configure:6320: $? = 0
configure:6320: result: yes
configure:6320: checking for socket
configure:6320: gcc -o conftest -I/work/02658/agomez/remora/extra/install/include  -L/work/02658/agomez/remora/extra/install/lib -lev -lconfuse conftest.c -lncurses -lev -lcurl -lconfuse  >&5
configure:6320: $? = 0
configure:6320: result: yes
configure:6320: checking for strcasecmp
configure:6320: gcc -o conftest -I/work/02658/agomez/remora/extra/install/include  -L/work/02658/agomez/remora/extra/install/lib -lev -lconfuse conftest.c -lncurses -lev -lcurl -lconfuse  >&5
conftest.c:84: warning: conflicting types for built-in function 'strcasecmp'
configure:6320: $? = 0
configure:6320: result: yes
configure:6320: checking for strchr
configure:6320: gcc -o conftest -I/work/02658/agomez/remora/extra/install/include  -L/work/02658/agomez/remora/extra/install/lib -lev -lconfuse conftest.c -lncurses -lev -lcurl -lconfuse  >&5
conftest.c:85: warning: conflicting types for built-in function 'strchr'
configure:6320: $? = 0
configure:6320: result: yes
configure:6320: checking for strcspn
configure:6320: gcc -o conftest -I/work/02658/agomez/remora/extra/install/include  -L/work/02658/agomez/remora/extra/install/lib -lev -lconfuse conftest.c -lncurses -lev -lcurl -lconfuse  >&5
conftest.c:86: warning: conflicting types for built-in function 'strcspn'
configure:6320: $? = 0
configure:6320: result: yes
configure:6320: checking for strdup
configure:6320: gcc -o conftest -I/work/02658/agomez/remora/extra/install/include  -L/work/02658/agomez/remora/extra/install/lib -lev -lconfuse conftest.c -lncurses -lev -lcurl -lconfuse  >&5
conftest.c:87: warning: conflicting types for built-in function 'strdup'
configure:6320: $? = 0
configure:6320: result: yes
configure:6320: checking for strerror
configure:6320: gcc -o conftest -I/work/02658/agomez/remora/extra/install/include  -L/work/02658/agomez/remora/extra/install/lib -lev -lconfuse conftest.c -lncurses -lev -lcurl -lconfuse  >&5
configure:6320: $? = 0
configure:6320: result: yes
configure:6320: checking for strstr
configure:6320: gcc -o conftest -I/work/02658/agomez/remora/extra/install/include  -L/work/02658/agomez/remora/extra/install/lib -lev -lconfuse conftest.c -lncurses -lev -lcurl -lconfuse  >&5
conftest.c:89: warning: conflicting types for built-in function 'strstr'
configure:6320: $? = 0
configure:6320: result: yes
configure:6320: checking for strtol
configure:6320: gcc -o conftest -I/work/02658/agomez/remora/extra/install/include  -L/work/02658/agomez/remora/extra/install/lib -lev -lconfuse conftest.c -lncurses -lev -lcurl -lconfuse  >&5
configure:6320: $? = 0
configure:6320: result: yes
configure:6320: checking for strtoul
configure:6320: gcc -o conftest -I/work/02658/agomez/remora/extra/install/include  -L/work/02658/agomez/remora/extra/install/lib -lev -lconfuse conftest.c -lncurses -lev -lcurl -lconfuse  >&5
configure:6320: $? = 0
configure:6320: result: yes
configure:6320: checking for sysinfo
configure:6320: gcc -o conftest -I/work/02658/agomez/remora/extra/install/include  -L/work/02658/agomez/remora/extra/install/lib -lev -lconfuse conftest.c -lncurses -lev -lcurl -lconfuse  >&5
configure:6320: $? = 0
configure:6320: result: yes
configure:6443: checking that generated files are newer than configure
configure:6449: result: done
configure:6476: creating ./config.status

## ---------------------- ##
## Running config.status. ##
## ---------------------- ##

This file was extended by xltop config.status 1.1, which was
generated by GNU Autoconf 2.69.  Invocation command line was

  CONFIG_FILES    = 
  CONFIG_HEADERS  = 
  CONFIG_LINKS    = 
  CONFIG_COMMANDS = 
  $ ./config.status 

on staff.stampede.tacc.utexas.edu

config.status:910: creating Makefile
config.status:910: creating src/Makefile
config.status:910: creating config.h
config.status:1139: executing depfiles commands
configure:7808: result:
        xltop 1.1
        =====

        compiler:               gcc
        cflags:                 -I/work/02658/agomez/remora/extra/install/include
        ldflags:                -L/work/02658/agomez/remora/extra/install/lib -lev -lconfuse

        prefix:                 /usr/local
	conf_dir:               ${prefix}/etc/xltop
	master:                 NONE
        port:                   9901
        syslog:                 yes
        debug:                  no


## ---------------- ##
## Cache variables. ##
## ---------------- ##

ac_cv_c_compiler_gnu=yes
ac_cv_c_inline=inline
ac_cv_c_int64_t=yes
ac_cv_env_CC_set=
ac_cv_env_CC_value=
ac_cv_env_CFLAGS_set=set
ac_cv_env_CFLAGS_value=-I/work/02658/agomez/remora/extra/install/include
ac_cv_env_CPPFLAGS_set=
ac_cv_env_CPPFLAGS_value=
ac_cv_env_CPP_set=
ac_cv_env_CPP_value=
ac_cv_env_LDFLAGS_set=set
ac_cv_env_LDFLAGS_value='-L/work/02658/agomez/remora/extra/install/lib -lev -lconfuse'
ac_cv_env_LIBS_set=
ac_cv_env_LIBS_value=
ac_cv_env_build_alias_set=
ac_cv_env_build_alias_value=
ac_cv_env_host_alias_set=
ac_cv_env_host_alias_value=
ac_cv_env_target_alias_set=
ac_cv_env_target_alias_value=
ac_cv_func_alarm=yes
ac_cv_func_floor=yes
ac_cv_func_getcwd=yes
ac_cv_func_gethostname=yes
ac_cv_func_isascii=yes
ac_cv_func_malloc_0_nonnull=yes
ac_cv_func_memchr=yes
ac_cv_func_memmove=yes
ac_cv_func_memset=yes
ac_cv_func_socket=yes
ac_cv_func_strcasecmp=yes
ac_cv_func_strchr=yes
ac_cv_func_strcspn=yes
ac_cv_func_strdup=yes
ac_cv_func_strerror=yes
ac_cv_func_strstr=yes
ac_cv_func_strtod=yes
ac_cv_func_strtol=yes
ac_cv_func_strtoul=yes
ac_cv_func_sysinfo=yes
ac_cv_func_working_mktime=yes
ac_cv_header_arpa_inet_h=yes
ac_cv_header_confuse_h=yes
ac_cv_header_curl_curl_h=yes
ac_cv_header_fcntl_h=yes
ac_cv_header_inttypes_h=yes
ac_cv_header_libev_ev_h=no
ac_cv_header_malloc_h=yes
ac_cv_header_memory_h=yes
ac_cv_header_minix_config_h=no
ac_cv_header_ncurses_h=yes
ac_cv_header_netdb_h=yes
ac_cv_header_stdc=yes
ac_cv_header_stddef_h=yes
ac_cv_header_stdint_h=yes
ac_cv_header_stdlib_h=yes
ac_cv_header_string_h=yes
ac_cv_header_strings_h=yes
ac_cv_header_sys_ioctl_h=yes
ac_cv_header_sys_socket_h=yes
ac_cv_header_sys_stat_h=yes
ac_cv_header_sys_time_h=yes
ac_cv_header_sys_types_h=yes
ac_cv_header_termios_h=yes
ac_cv_header_time=yes
ac_cv_header_unistd_h=yes
ac_cv_lib_confuse_cfg_init=yes
ac_cv_lib_curl_curl_easy_init=yes
ac_cv_lib_ev_ev_run=yes
ac_cv_lib_ncurses_initscr=yes
ac_cv_objext=o
ac_cv_path_EGREP='/bin/grep -E'
ac_cv_path_GREP=/bin/grep
ac_cv_path_install='/usr/bin/install -c'
ac_cv_path_mkdir=/bin/mkdir
ac_cv_prog_AWK=gawk
ac_cv_prog_CPP='gcc -std=gnu99 -E'
ac_cv_prog_CURL=yes
ac_cv_prog_ac_ct_CC=gcc
ac_cv_prog_cc_c89=
ac_cv_prog_cc_c99=-std=gnu99
ac_cv_prog_cc_g=yes
ac_cv_prog_make_make_set=yes
ac_cv_safe_to_define___extensions__=yes
ac_cv_type_size_t=yes
ac_cv_type_ssize_t=yes
am_cv_CC_dependencies_compiler_type=gcc3
am_cv_make_support_nested_variables=yes
am_cv_prog_cc_c_o=yes

## ----------------- ##
## Output variables. ##
## ----------------- ##

ACLOCAL='aclocal-1.14'
AMDEPBACKSLASH='\'
AMDEP_FALSE='#'
AMDEP_TRUE=''
AMTAR='$${TAR-tar}'
AM_BACKSLASH='\'
AM_DEFAULT_V='$(AM_DEFAULT_VERBOSITY)'
AM_DEFAULT_VERBOSITY='0'
AM_V='$(V)'
AUTOCONF='autoconf'
AUTOHEADER='autoheader'
AUTOMAKE='automake-1.14'
AWK='gawk'
CC='gcc'
CCDEPMODE='depmode=gcc3'
CFLAGS='-I/work/02658/agomez/remora/extra/install/include'
CPP='gcc -std=gnu99 -E'
CPPFLAGS=''
CURL='yes'
CYGPATH_W='echo'
DEFS='-DHAVE_CONFIG_H'
DEPDIR='.deps'
ECHO_C=''
ECHO_N='-n'
ECHO_T=''
EGREP='/bin/grep -E'
EXEEXT=''
GREP='/bin/grep'
INSTALL_DATA='${INSTALL} -m 644'
INSTALL_PROGRAM='${INSTALL}'
INSTALL_SCRIPT='${INSTALL}'
INSTALL_STRIP_PROGRAM='$(install_sh) -c -s'
LDFLAGS='-L/work/02658/agomez/remora/extra/install/lib -lev -lconfuse'
LIBOBJS=''
LIBS='-lncurses -lev -lcurl -lconfuse '
LTLIBOBJS=''
MAKEINFO='makeinfo'
MKDIR_P='/bin/mkdir -p'
OBJEXT='o'
PACKAGE='xltop'
PACKAGE_BUGREPORT='jhammond@tacc.utexas.edu'
PACKAGE_NAME='xltop'
PACKAGE_STRING='xltop 1.1'
PACKAGE_TARNAME='xltop'
PACKAGE_URL='https://github.com/jhammond/xltop/'
PACKAGE_VERSION='1.1'
PATH_SEPARATOR=':'
POW_LIB=''
SET_MAKE=''
SHELL='/bin/sh'
STRIP=''
VERSION='1.1'
ac_ct_CC='gcc'
am__EXEEXT_FALSE=''
am__EXEEXT_TRUE='#'
am__fastdepCC_FALSE='#'
am__fastdepCC_TRUE=''
am__include='include'
am__isrc=''
am__leading_dot='.'
am__nodep='_no'
am__quote=''
am__tar='$${TAR-tar} chof - "$$tardir"'
am__untar='$${TAR-tar} xf -'
bindir='${exec_prefix}/bin'
build_alias=''
datadir='${datarootdir}'
datarootdir='${prefix}/share'
docdir='${datarootdir}/doc/${PACKAGE_TARNAME}'
dvidir='${docdir}'
exec_prefix='${prefix}'
host_alias=''
htmldir='${docdir}'
includedir='${prefix}/include'
infodir='${datarootdir}/info'
install_sh='${SHELL} /work/02658/agomez/remora/extra/xltop/source/build-aux/install-sh'
libdir='${exec_prefix}/lib'
libexecdir='${exec_prefix}/libexec'
localedir='${datarootdir}/locale'
localstatedir='${prefix}/var'
mandir='${datarootdir}/man'
mkdir_p='$(MKDIR_P)'
oldincludedir='/usr/include'
pdfdir='${docdir}'
prefix='/usr/local'
program_transform_name='s,x,x,'
psdir='${docdir}'
sbindir='${exec_prefix}/sbin'
sharedstatedir='${prefix}/com'
sysconfdir='${prefix}/etc'
target_alias=''
xltop_clus=''
xltop_conf_dir='${prefix}/etc/xltop'
xltop_domain=''
xltop_master=''
xltop_port='9901'

## ----------- ##
## confdefs.h. ##
## ----------- ##

/* confdefs.h */
#define PACKAGE_NAME "xltop"
#define PACKAGE_TARNAME "xltop"
#define PACKAGE_VERSION "1.1"
#define PACKAGE_STRING "xltop 1.1"
#define PACKAGE_BUGREPORT "jhammond@tacc.utexas.edu"
#define PACKAGE_URL "https://github.com/jhammond/xltop/"
#define PACKAGE "xltop"
#define VERSION "1.1"
#define STDC_HEADERS 1
#define HAVE_SYS_TYPES_H 1
#define HAVE_SYS_STAT_H 1
#define HAVE_STDLIB_H 1
#define HAVE_STRING_H 1
#define HAVE_MEMORY_H 1
#define HAVE_STRINGS_H 1
#define HAVE_INTTYPES_H 1
#define HAVE_STDINT_H 1
#define HAVE_UNISTD_H 1
#define __EXTENSIONS__ 1
#define _ALL_SOURCE 1
#define _GNU_SOURCE 1
#define _POSIX_PTHREAD_SEMANTICS 1
#define _TANDEM_SOURCE 1
#define ENABLE_SYSLOG 1
#define HAVE_LIBCONFUSE 1
#define HAVE_LIBCURL 1
#define HAVE_LIBEV 1
#define HAVE_LIBNCURSES 1
#define HAVE_ARPA_INET_H 1
#define HAVE_FCNTL_H 1
#define HAVE_INTTYPES_H 1
#define HAVE_MALLOC_H 1
#define HAVE_NETDB_H 1
#define HAVE_STDDEF_H 1
#define HAVE_STDINT_H 1
#define HAVE_STDLIB_H 1
#define HAVE_STRING_H 1
#define HAVE_SYS_IOCTL_H 1
#define HAVE_SYS_SOCKET_H 1
#define HAVE_TERMIOS_H 1
#define HAVE_UNISTD_H 1
#define HAVE_CONFUSE_H 1
#define HAVE_CURL_CURL_H 1
#define HAVE_NCURSES_H 1
#define HAVE_STDLIB_H 1
#define HAVE_MALLOC 1
#define TIME_WITH_SYS_TIME 1
#define HAVE_SYS_TIME_H 1
#define HAVE_UNISTD_H 1
#define HAVE_ALARM 1
#define HAVE_FLOOR 1
#define HAVE_GETCWD 1
#define HAVE_GETHOSTNAME 1
#define HAVE_ISASCII 1
#define HAVE_MEMCHR 1
#define HAVE_MEMMOVE 1
#define HAVE_MEMSET 1
#define HAVE_SOCKET 1
#define HAVE_STRCASECMP 1
#define HAVE_STRCHR 1
#define HAVE_STRCSPN 1
#define HAVE_STRDUP 1
#define HAVE_STRERROR 1
#define HAVE_STRSTR 1
#define HAVE_STRTOL 1
#define HAVE_STRTOUL 1
#define HAVE_SYSINFO 1

configure: exit 0
